j 0
entries: 1000000
start date: 2011-09-13T13:53:36.000Z
end date: 2013-09-05T21:47:22.000Z


i 100000
i 200000
i 300000
i 400000
i 500000
i 600000
i 700000
i 800000
i 900000
average 62.4956884956885
max 327608
min 1
zeros 436039
sixtys 91485
j 0




j 1
entries: 1000000
start date: 2013-09-05T21:47:22.000Z
end date: 2013-12-17T18:48:43.000Z


i 100000
i 200000
i 300000
i 400000
i 500000
i 600000
i 700000
i 800000
i 900000
average 8.888489888489888
max 14167
min 1
zeros 458351
sixtys 26106
j 1




j 2
entries: 1000000
start date: 2013-12-17T18:48:43.000Z
end date: 2014-02-24T20:14:04.000Z


i 100000
i 200000
i 300000
i 400000
i 500000
i 600000
i 700000
i 800000
i 900000
average 5.9667269667269665
max 7923
min 1
zeros 533065
sixtys 15782
j 2




j 3
entries: 1000000
start date: 2014-02-24T20:14:04.000Z
end date: 2014-05-12T16:07:48.000Z


i 100000
i 200000
i 300000
i 400000
i 500000
i 600000
i 700000
i 800000
i 900000
average 6.638030638030638
max 1371
min 1
zeros 588056
sixtys 24130
j 3




j 4
entries: 1000000
start date: 2014-05-12T16:07:48.000Z
end date: 2014-09-25T18:24:40.000Z


i 100000
i 200000
i 300000
i 400000
i 500000
i 600000
i 700000
i 800000
i 900000
average 11.75862375862376
max 7158
min 1
zeros 491753
sixtys 52393
j 4




j 5
entries: 1000000
start date: 2014-09-25T18:24:40.000Z
end date: 2015-01-16T17:45:25.000Z


i 100000
i 200000
i 300000
i 400000
i 500000
i 600000
i 700000
i 800000
i 900000
average 9.76085476085476
max 388359
min 1
zeros 469377
sixtys 36767
j 5




j 6
entries: 1000000
start date: 2015-01-16T17:45:25.000Z
end date: 2015-06-14T16:28:38.000Z


i 100000
i 200000
i 300000
i 400000
i 500000
i 600000
i 700000
i 800000
i 900000
average 12.86900586900587
max 1781
min 1
zeros 401592
sixtys 52048
j 6




j 7
entries: 1000000
start date: 2015-06-14T16:28:39.000Z
end date: 2015-11-02T11:51:40.000Z


i 100000
i 200000
i 300000
i 400000
i 500000
i 600000
i 700000
i 800000
i 900000
average 12.165793165793167
max 2001
min 1
zeros 466492
sixtys 52982
j 7




j 8
entries: 1000000
start date: 2015-11-02T11:51:40.000Z
end date: 2016-03-22T11:55:22.000Z


i 100000
i 200000
i 300000
i 400000
i 500000
i 600000
i 700000
i 800000
i 900000
average 12.182634182634184
max 1640
min 1
zeros 432239
sixtys 50873
j 8




j 9
entries: 1000000
start date: 2016-03-22T11:55:34.000Z
end date: 2016-11-11T10:28:01.000Z


i 100000
i 200000
i 300000
i 400000
i 500000
i 600000
i 700000
i 800000
i 900000
average 20.212367212367212
max 2751
min 1
zeros 335949
sixtys 90400
j 9




j 10
entries: 1000000
start date: 2016-11-11T10:28:02.000Z
end date: 2017-04-09T05:39:01.000Z


i 100000
i 200000
i 300000
i 400000
i 500000
i 600000
i 700000
i 800000
i 900000
average 12.856271856271857
max 1862
min 1
zeros 332485
sixtys 52308
j 10




j 11
entries: 1000000
start date: 2017-04-09T05:39:03.000Z
end date: 2017-06-20T00:00:16.000Z


i 100000
i 200000
i 300000
i 400000
i 500000
i 600000
i 700000
i 800000
i 900000
average 6.200479200479201
max 1059
min 1
zeros 357267
sixtys 14168
j 11




j 12
entries: 1000000
start date: 2017-06-20T00:00:19.000Z
end date: 2017-08-15T13:43:20.000Z


i 100000
i 200000
i 300000
i 400000
i 500000
i 600000
i 700000
i 800000
i 900000
average 4.8877858877858875
max 397
min 1
zeros 315918
sixtys 7506
j 12




j 13
entries: 1000000
start date: 2017-08-15T13:43:22.000Z
end date: 2017-09-28T11:40:11.000Z


i 100000
i 200000
i 300000
i 400000
i 500000
i 600000
i 700000
i 800000
i 900000
average 3.794212794212794
max 392
min 1
zeros 346933
sixtys 3253
j 13




j 14
entries: 1000000
start date: 2017-09-28T11:40:29.000Z
end date: 2017-11-10T08:15:46.000Z


i 100000
i 200000
i 300000
i 400000
i 500000
i 600000
i 700000
i 800000
i 900000
average 3.7029207029207027
max 729
min 1
zeros 383722
sixtys 3494
j 14




j 15
entries: 1000000
start date: 2017-11-10T08:15:48.000Z
end date: 2017-12-03T22:49:59.000Z


i 100000
i 200000
i 300000
i 400000
i 500000
i 600000
i 700000
i 800000
i 900000
average 2.0396530396530395
max 1907
min 1
zeros 463767
sixtys 598
j 15




j 16
entries: 1000000
start date: 2017-12-03T22:50:00.000Z
end date: 2017-12-15T15:49:49.000Z


i 100000
i 200000
i 300000
i 400000
i 500000
i 600000
i 700000
i 800000
i 900000
average 1.0115900115900116
max 872
min 1
zeros 529867
sixtys 29
j 16




j 17
entries: 1000000
start date: 2017-12-15T15:49:50.000Z
end date: 2017-12-27T08:07:55.000Z


i 100000
i 200000
i 300000
i 400000
i 500000
i 600000
i 700000
i 800000
i 900000
average 1.009086009086009
max 659
min 1
zeros 538452
sixtys 33
j 17




j 18
entries: 1000000
start date: 2017-12-27T08:07:59.000Z
end date: 2018-01-10T17:42:14.000Z


i 100000
i 200000
i 300000
i 400000
i 500000
i 600000
i 700000
i 800000
i 900000
average 1.2440562440562442
max 953
min 1
zeros 493911
sixtys 31
j 18




j 19
entries: 1000000
start date: 2018-01-10T17:42:16.000Z
end date: 2018-01-26T08:47:35.000Z


i 100000
i 200000
i 300000
i 400000
i 500000
i 600000
i 700000
i 800000
i 900000
average 1.3503203503203502
max 369
min 1
zeros 505241
sixtys 125
j 19




j 20
entries: 1000000
start date: 2018-01-26T08:47:35.000Z
end date: 2018-02-11T14:51:43.000Z


i 100000
i 200000
i 300000
i 400000
i 500000
i 600000
i 700000
i 800000
i 900000
average 1.4042494042494043
max 183
min 1
zeros 515003
sixtys 218
j 20




j 21
entries: 1000000
start date: 2018-02-11T14:51:48.000Z
end date: 2018-03-08T22:04:35.000Z


i 100000
i 200000
i 300000
i 400000
i 500000
i 600000
i 700000
i 800000
i 900000
average 2.185969185969186
max 672
min 1
zeros 463717
sixtys 504
j 21




j 22
entries: 1000000
start date: 2018-03-08T22:04:35.000Z
end date: 2018-03-31T05:25:03.000Z


i 100000
i 200000
i 300000
i 400000
i 500000
i 600000
i 700000
i 800000
i 900000
average 1.9272299272299271
max 855
min 1
zeros 453998
sixtys 623
j 22




j 23
entries: 1000000
start date: 2018-03-31T05:25:03.000Z
end date: 2018-04-26T12:34:01.000Z


i 100000
i 200000
i 300000
i 400000
i 500000
i 600000
i 700000
i 800000
i 900000
average 2.272140272140272
max 190
min 1
zeros 432618
sixtys 311
j 23




j 24
entries: 1000000
start date: 2018-04-26T12:34:01.000Z
end date: 2018-05-23T15:10:24.000Z


i 100000
i 200000
i 300000
i 400000
i 500000
i 600000
i 700000
i 800000
i 900000
average 2.342185342185342
max 612
min 1
zeros 425858
sixtys 162
j 24




j 25
entries: 1000000
start date: 2018-05-23T15:10:25.000Z
end date: 2018-07-01T09:51:56.000Z


i 100000
i 200000
i 300000
i 400000
i 500000
i 600000
i 700000
i 800000
i 900000
average 3.3504943504943503
max 511
min 1
zeros 430577
sixtys 1293
j 25




j 26
entries: 1000000
start date: 2018-07-01T09:51:57.000Z
end date: 2018-08-06T20:58:29.000Z


i 100000
i 200000
i 300000
i 400000
i 500000
i 600000
i 700000
i 800000
i 900000
average 3.1503951503951506
max 717
min 1
zeros 449107
sixtys 1451
j 26




j 27
entries: 1000000
start date: 2018-08-06T20:58:29.000Z
end date: 2018-10-04T02:31:20.000Z


i 100000
i 200000
i 300000
i 400000
i 500000
i 600000
i 700000
i 800000
i 900000
average 5.031176031176031
max 915
min 1
zeros 424395
sixtys 9854
j 27




j 28
entries: 1000000
start date: 2018-10-04T02:31:20.000Z
end date: 2018-12-16T21:26:18.000Z


i 100000
i 200000
i 300000
i 400000
i 500000
i 600000
i 700000
i 800000
i 900000
average 6.375304375304375
max 1020
min 1
zeros 375116
sixtys 17250
j 28




j 29
entries: 1000000
start date: 2018-12-16T21:26:29.000Z
end date: 2019-03-07T22:28:43.000Z


i 100000
i 200000
i 300000
i 400000
i 500000
i 600000
i 700000
i 800000
i 900000
average 7.002141002141002
max 921
min 1
zeros 350789
sixtys 17982
j 29




j 30
entries: 1000000
start date: 2019-03-07T22:28:44.000Z
end date: 2019-05-12T01:14:15.000Z


i 100000
i 200000
i 300000
i 400000
i 500000
i 600000
i 700000
i 800000
i 900000
average 5.625936625936626
max 1178
min 1
zeros 342041
sixtys 9593
j 30




j 31
entries: 1000000
start date: 2019-05-12T01:14:15.000Z
end date: 2019-06-17T20:37:35.000Z


i 100000
i 200000
i 300000
i 400000
i 500000
i 600000
i 700000
i 800000
i 900000
average 3.18020318020318
max 811
min 1
zeros 359832
sixtys 581
j 31




j 32
entries: 1000000
start date: 2019-06-17T20:37:36.000Z
end date: 2019-07-14T09:54:00.000Z


i 100000
i 200000
i 300000
i 400000
i 500000
i 600000
i 700000
i 800000
i 900000
average 2.2941862941862943
max 153
min 1
zeros 438754
sixtys 234
j 32




j 33
entries: 595878
start date: 2019-07-14T09:54:01.000Z
end date: 2019-08-12T10:13:18.000Z


i 100000
i 200000
i 300000
i 400000
i 500000
average 4.206836310178107
max 4380
min 1
zeros 221866
sixtys 1217
j 33




